TN:
SF:Controllers\productController.js
FN:8,(anonymous_0)
FN:9,(anonymous_1)
FN:20,(anonymous_2)
FN:21,(anonymous_3)
FN:32,(anonymous_4)
FN:33,(anonymous_5)
FN:43,(anonymous_6)
FN:47,(anonymous_7)
FN:55,(anonymous_8)
FN:56,(anonymous_9)
FNF:10
FNH:1
FNDA:1,(anonymous_0)
FNDA:0,(anonymous_1)
FNDA:0,(anonymous_2)
FNDA:0,(anonymous_3)
FNDA:0,(anonymous_4)
FNDA:0,(anonymous_5)
FNDA:0,(anonymous_6)
FNDA:0,(anonymous_7)
FNDA:0,(anonymous_8)
FNDA:0,(anonymous_9)
DA:1,1
DA:2,1
DA:3,1
DA:4,1
DA:5,1
DA:8,1
DA:9,1
DA:10,0
DA:11,0
DA:13,0
DA:14,0
DA:20,1
DA:21,0
DA:22,0
DA:23,0
DA:25,0
DA:26,0
DA:32,1
DA:33,0
DA:34,0
DA:35,0
DA:37,0
DA:43,1
DA:44,0
DA:48,0
DA:49,0
DA:55,1
DA:56,0
DA:57,0
DA:58,0
DA:62,1
LF:31
LH:12
BRDA:10,0,0,0
BRDA:10,0,1,0
BRDA:22,1,0,0
BRDA:22,1,1,0
BRDA:34,2,0,0
BRDA:34,2,1,0
BRDA:48,3,0,0
BRDA:48,3,1,0
BRDA:57,4,0,0
BRDA:57,4,1,0
BRF:10
BRH:0
end_of_record
TN:
SF:Controllers\sumController.js
FN:1,sum
FNF:1
FNH:1
FNDA:1,sum
DA:2,1
DA:5,1
LF:2
LH:2
BRF:0
BRH:0
end_of_record
TN:
SF:Models\productModels.js
FNF:0
FNH:0
DA:1,1
DA:2,1
DA:5,1
DA:20,1
LF:4
LH:4
BRF:0
BRH:0
end_of_record
